C:\USERS\YURI\DOCUMENTS\VISUAL STUDIO 2010\PROJECTS\INDIVIDUALPROJECT_REP\APPS\YURISADVENTURE\YURISADVENTURE.EXE
C:\USERS\YURI\DOCUMENTS\VISUAL STUDIO 2010\PROJECTS\INDIVIDUALPROJECT_REP\APPS\YURISADVENTURE\YURISADVENTURE.ILK
C:\USERS\YURI\DOCUMENTS\VISUAL STUDIO 2010\PROJECTS\INDIVIDUALPROJECT_REP\APPS\YURISADVENTURE\YURISADVENTURE.PDB
C:\Users\Yuri\Documents\Visual Studio 2010\Projects\IndividualProject_Rep\Temp\YurisAdventure\Debug\cl.command.1.tlog
C:\Users\Yuri\Documents\Visual Studio 2010\Projects\IndividualProject_Rep\Temp\YurisAdventure\Debug\CL.read.1.tlog
C:\Users\Yuri\Documents\Visual Studio 2010\Projects\IndividualProject_Rep\Temp\YurisAdventure\Debug\CL.write.1.tlog
C:\Users\Yuri\Documents\Visual Studio 2010\Projects\IndividualProject_Rep\Temp\YurisAdventure\Debug\link.1000.read.1.tlog
C:\Users\Yuri\Documents\Visual Studio 2010\Projects\IndividualProject_Rep\Temp\YurisAdventure\Debug\link.1000.write.1.tlog
C:\Users\Yuri\Documents\Visual Studio 2010\Projects\IndividualProject_Rep\Temp\YurisAdventure\Debug\link.1000-cvtres.read.1.tlog
C:\Users\Yuri\Documents\Visual Studio 2010\Projects\IndividualProject_Rep\Temp\YurisAdventure\Debug\link.1000-cvtres.write.1.tlog
C:\Users\Yuri\Documents\Visual Studio 2010\Projects\IndividualProject_Rep\Temp\YurisAdventure\Debug\link.3644.read.1.tlog
C:\Users\Yuri\Documents\Visual Studio 2010\Projects\IndividualProject_Rep\Temp\YurisAdventure\Debug\link.3644.write.1.tlog
C:\Users\Yuri\Documents\Visual Studio 2010\Projects\IndividualProject_Rep\Temp\YurisAdventure\Debug\link.3644-cvtres.read.1.tlog
C:\Users\Yuri\Documents\Visual Studio 2010\Projects\IndividualProject_Rep\Temp\YurisAdventure\Debug\link.3644-cvtres.write.1.tlog
C:\Users\Yuri\Documents\Visual Studio 2010\Projects\IndividualProject_Rep\Temp\YurisAdventure\Debug\link.3836.read.1.tlog
C:\Users\Yuri\Documents\Visual Studio 2010\Projects\IndividualProject_Rep\Temp\YurisAdventure\Debug\link.3836.write.1.tlog
C:\Users\Yuri\Documents\Visual Studio 2010\Projects\IndividualProject_Rep\Temp\YurisAdventure\Debug\link.3836-cvtres.read.1.tlog
C:\Users\Yuri\Documents\Visual Studio 2010\Projects\IndividualProject_Rep\Temp\YurisAdventure\Debug\link.3836-cvtres.write.1.tlog
C:\Users\Yuri\Documents\Visual Studio 2010\Projects\IndividualProject_Rep\Temp\YurisAdventure\Debug\link.4028.read.1.tlog
C:\Users\Yuri\Documents\Visual Studio 2010\Projects\IndividualProject_Rep\Temp\YurisAdventure\Debug\link.4028.write.1.tlog
C:\Users\Yuri\Documents\Visual Studio 2010\Projects\IndividualProject_Rep\Temp\YurisAdventure\Debug\link.4028-cvtres.read.1.tlog
C:\Users\Yuri\Documents\Visual Studio 2010\Projects\IndividualProject_Rep\Temp\YurisAdventure\Debug\link.4028-cvtres.write.1.tlog
C:\Users\Yuri\Documents\Visual Studio 2010\Projects\IndividualProject_Rep\Temp\YurisAdventure\Debug\link.5152.read.1.tlog
C:\Users\Yuri\Documents\Visual Studio 2010\Projects\IndividualProject_Rep\Temp\YurisAdventure\Debug\link.5152.write.1.tlog
C:\Users\Yuri\Documents\Visual Studio 2010\Projects\IndividualProject_Rep\Temp\YurisAdventure\Debug\link.5152-cvtres.read.1.tlog
C:\Users\Yuri\Documents\Visual Studio 2010\Projects\IndividualProject_Rep\Temp\YurisAdventure\Debug\link.5152-cvtres.write.1.tlog
C:\Users\Yuri\Documents\Visual Studio 2010\Projects\IndividualProject_Rep\Temp\YurisAdventure\Debug\link.5616.read.1.tlog
C:\Users\Yuri\Documents\Visual Studio 2010\Projects\IndividualProject_Rep\Temp\YurisAdventure\Debug\link.5616.write.1.tlog
C:\Users\Yuri\Documents\Visual Studio 2010\Projects\IndividualProject_Rep\Temp\YurisAdventure\Debug\link.5616-cvtres.read.1.tlog
C:\Users\Yuri\Documents\Visual Studio 2010\Projects\IndividualProject_Rep\Temp\YurisAdventure\Debug\link.5616-cvtres.write.1.tlog
C:\Users\Yuri\Documents\Visual Studio 2010\Projects\IndividualProject_Rep\Temp\YurisAdventure\Debug\link.6128.read.1.tlog
C:\Users\Yuri\Documents\Visual Studio 2010\Projects\IndividualProject_Rep\Temp\YurisAdventure\Debug\link.6128.write.1.tlog
C:\Users\Yuri\Documents\Visual Studio 2010\Projects\IndividualProject_Rep\Temp\YurisAdventure\Debug\link.6128-cvtres.read.1.tlog
C:\Users\Yuri\Documents\Visual Studio 2010\Projects\IndividualProject_Rep\Temp\YurisAdventure\Debug\link.6128-cvtres.write.1.tlog
C:\Users\Yuri\Documents\Visual Studio 2010\Projects\IndividualProject_Rep\Temp\YurisAdventure\Debug\link.984.read.1.tlog
C:\Users\Yuri\Documents\Visual Studio 2010\Projects\IndividualProject_Rep\Temp\YurisAdventure\Debug\link.984.write.1.tlog
C:\Users\Yuri\Documents\Visual Studio 2010\Projects\IndividualProject_Rep\Temp\YurisAdventure\Debug\link.984-cvtres.read.1.tlog
C:\Users\Yuri\Documents\Visual Studio 2010\Projects\IndividualProject_Rep\Temp\YurisAdventure\Debug\link.984-cvtres.write.1.tlog
C:\Users\Yuri\Documents\Visual Studio 2010\Projects\IndividualProject_Rep\Temp\YurisAdventure\Debug\link.command.1.tlog
C:\Users\Yuri\Documents\Visual Studio 2010\Projects\IndividualProject_Rep\Temp\YurisAdventure\Debug\link.read.1.tlog
C:\Users\Yuri\Documents\Visual Studio 2010\Projects\IndividualProject_Rep\Temp\YurisAdventure\Debug\link.write.1.tlog
C:\Users\Yuri\Documents\Visual Studio 2010\Projects\IndividualProject_Rep\Temp\YurisAdventure\Debug\link-cvtres.read.1.tlog
C:\Users\Yuri\Documents\Visual Studio 2010\Projects\IndividualProject_Rep\Temp\YurisAdventure\Debug\link-cvtres.write.1.tlog
C:\Users\Yuri\Documents\Visual Studio 2010\Projects\IndividualProject_Rep\Temp\YurisAdventure\Debug\mt.command.1.tlog
C:\Users\Yuri\Documents\Visual Studio 2010\Projects\IndividualProject_Rep\Temp\YurisAdventure\Debug\mt.read.1.tlog
C:\Users\Yuri\Documents\Visual Studio 2010\Projects\IndividualProject_Rep\Temp\YurisAdventure\Debug\mt.write.1.tlog
C:\Users\Yuri\Documents\Visual Studio 2010\Projects\IndividualProject_Rep\Temp\YurisAdventure\Debug\rc.command.1.tlog
C:\Users\Yuri\Documents\Visual Studio 2010\Projects\IndividualProject_Rep\Temp\YurisAdventure\Debug\rc.read.1.tlog
C:\Users\Yuri\Documents\Visual Studio 2010\Projects\IndividualProject_Rep\Temp\YurisAdventure\Debug\rc.write.1.tlog
C:\Users\Yuri\Documents\Visual Studio 2010\Projects\IndividualProject_Rep\Temp\YurisAdventure\Debug\vc100.idb
C:\USERS\YURI\DOCUMENTS\VISUAL STUDIO 2010\PROJECTS\INDIVIDUALPROJECT_REP\TEMP\YURISADVENTURE\DEBUG\VC100.PDB
C:\USERS\YURI\DOCUMENTS\VISUAL STUDIO 2010\PROJECTS\INDIVIDUALPROJECT_REP\TEMP\YURISADVENTURE\DEBUG\YABUTTONEVENTHANDLER.OBJ
C:\USERS\YURI\DOCUMENTS\VISUAL STUDIO 2010\PROJECTS\INDIVIDUALPROJECT_REP\TEMP\YURISADVENTURE\DEBUG\YADATALOADER.OBJ
C:\USERS\YURI\DOCUMENTS\VISUAL STUDIO 2010\PROJECTS\INDIVIDUALPROJECT_REP\TEMP\YURISADVENTURE\DEBUG\YAGAME.OBJ
C:\USERS\YURI\DOCUMENTS\VISUAL STUDIO 2010\PROJECTS\INDIVIDUALPROJECT_REP\TEMP\YURISADVENTURE\DEBUG\YAKEYEVENTHANDLER.OBJ
C:\USERS\YURI\DOCUMENTS\VISUAL STUDIO 2010\PROJECTS\INDIVIDUALPROJECT_REP\TEMP\YURISADVENTURE\DEBUG\YATEXTGENERATOR.OBJ
C:\USERS\YURI\DOCUMENTS\VISUAL STUDIO 2010\PROJECTS\INDIVIDUALPROJECT_REP\TEMP\YURISADVENTURE\DEBUG\YURISADVENTURE.EXE.EMBED.MANIFEST
C:\USERS\YURI\DOCUMENTS\VISUAL STUDIO 2010\PROJECTS\INDIVIDUALPROJECT_REP\TEMP\YURISADVENTURE\DEBUG\YURISADVENTURE.EXE.EMBED.MANIFEST.RES
C:\USERS\YURI\DOCUMENTS\VISUAL STUDIO 2010\PROJECTS\INDIVIDUALPROJECT_REP\TEMP\YURISADVENTURE\DEBUG\YURISADVENTURE.EXE.INTERMEDIATE.MANIFEST
C:\Users\Yuri\Documents\Visual Studio 2010\Projects\IndividualProject_Rep\Temp\YurisAdventure\Debug\YurisAdventure_manifest.rc
