Build started 3/22/2012 3:41:19 AM.
     1>Project "C:\Users\Yuri\Documents\Projects\IndividualProject\YurisAdventure\YurisAdventure\YurisAdventure.vcxproj" on node 2 (build target(s)).
     1>InitializeBuildStatus:
         Creating "C:\Users\Yuri\Documents\Projects\IndividualProject\Temp\YurisAdventure\Debug\YurisAdventure.unsuccessfulbuild" because "AlwaysCreate" was specified.
       ClCompile:
         All outputs are up-to-date.
       ResourceCompile:
         All outputs are up-to-date.
       ManifestResourceCompile:
         All outputs are up-to-date.
       Link:
         All outputs are up-to-date.
       Manifest:
         All outputs are up-to-date.
       FinalizeBuildStatus:
         Deleting file "C:\Users\Yuri\Documents\Projects\IndividualProject\Temp\YurisAdventure\Debug\YurisAdventure.unsuccessfulbuild".
         Touching "C:\Users\Yuri\Documents\Projects\IndividualProject\Temp\YurisAdventure\Debug\YurisAdventure.lastbuildstate".
     1>Done Building Project "C:\Users\Yuri\Documents\Projects\IndividualProject\YurisAdventure\YurisAdventure\YurisAdventure.vcxproj" (build target(s)).

Build succeeded.

Time Elapsed 00:00:00.19
