C:\USERS\YURI\DOCUMENTS\VISUAL STUDIO 2010\PROJECTS\INDIVIDUALPROJECT\APPS\YURISADVENTURE\YURISADVENTURE.EXE
C:\USERS\YURI\DOCUMENTS\VISUAL STUDIO 2010\PROJECTS\INDIVIDUALPROJECT\APPS\YURISADVENTURE\YURISADVENTURE.ILK
C:\USERS\YURI\DOCUMENTS\VISUAL STUDIO 2010\PROJECTS\INDIVIDUALPROJECT\APPS\YURISADVENTURE\YURISADVENTURE.PDB
C:\USERS\YURI\DOCUMENTS\VISUAL STUDIO 2010\PROJECTS\INDIVIDUALPROJECT\TEMP\YURISADVENTURE\DEBUG\VC100.PDB
C:\USERS\YURI\DOCUMENTS\VISUAL STUDIO 2010\PROJECTS\INDIVIDUALPROJECT\TEMP\YURISADVENTURE\DEBUG\YABUTTONEVENTHANDLER.OBJ
C:\USERS\YURI\DOCUMENTS\VISUAL STUDIO 2010\PROJECTS\INDIVIDUALPROJECT\TEMP\YURISADVENTURE\DEBUG\YADATALOADER.OBJ
C:\USERS\YURI\DOCUMENTS\VISUAL STUDIO 2010\PROJECTS\INDIVIDUALPROJECT\TEMP\YURISADVENTURE\DEBUG\YAGAME.OBJ
C:\USERS\YURI\DOCUMENTS\VISUAL STUDIO 2010\PROJECTS\INDIVIDUALPROJECT\TEMP\YURISADVENTURE\DEBUG\YAKEYEVENTHANDLER.OBJ
C:\USERS\YURI\DOCUMENTS\VISUAL STUDIO 2010\PROJECTS\INDIVIDUALPROJECT\TEMP\YURISADVENTURE\DEBUG\YATEXTGENERATOR.OBJ
C:\USERS\YURI\DOCUMENTS\VISUAL STUDIO 2010\PROJECTS\INDIVIDUALPROJECT\TEMP\YURISADVENTURE\DEBUG\YURISADVENTURE.EXE.EMBED.MANIFEST
C:\USERS\YURI\DOCUMENTS\VISUAL STUDIO 2010\PROJECTS\INDIVIDUALPROJECT\TEMP\YURISADVENTURE\DEBUG\YURISADVENTURE.EXE.EMBED.MANIFEST.RES
C:\USERS\YURI\DOCUMENTS\VISUAL STUDIO 2010\PROJECTS\INDIVIDUALPROJECT\TEMP\YURISADVENTURE\DEBUG\YURISADVENTURE.EXE.INTERMEDIATE.MANIFEST
C:\Users\Yuri\Documents\Visual Studio 2010\Projects\IndividualProject_Rep\Apps\YurisAdventure\YurisAdventure.exe
C:\Users\Yuri\Documents\Visual Studio 2010\Projects\IndividualProject_Rep\Apps\YurisAdventure\YurisAdventure.ilk
C:\Users\Yuri\Documents\Visual Studio 2010\Projects\IndividualProject_Rep\Apps\YurisAdventure\YurisAdventure.pdb
C:\Users\Yuri\Documents\Visual Studio 2010\Projects\IndividualProject_Rep\Temp\YurisAdventure\Debug\cl.command.1.tlog
C:\Users\Yuri\Documents\Visual Studio 2010\Projects\IndividualProject_Rep\Temp\YurisAdventure\Debug\CL.read.1.tlog
C:\Users\Yuri\Documents\Visual Studio 2010\Projects\IndividualProject_Rep\Temp\YurisAdventure\Debug\CL.write.1.tlog
C:\Users\Yuri\Documents\Visual Studio 2010\Projects\IndividualProject_Rep\Temp\YurisAdventure\Debug\link.command.1.tlog
C:\Users\Yuri\Documents\Visual Studio 2010\Projects\IndividualProject_Rep\Temp\YurisAdventure\Debug\link.read.1.tlog
C:\Users\Yuri\Documents\Visual Studio 2010\Projects\IndividualProject_Rep\Temp\YurisAdventure\Debug\link.write.1.tlog
C:\Users\Yuri\Documents\Visual Studio 2010\Projects\IndividualProject_Rep\Temp\YurisAdventure\Debug\link-cvtres.read.1.tlog
C:\Users\Yuri\Documents\Visual Studio 2010\Projects\IndividualProject_Rep\Temp\YurisAdventure\Debug\link-cvtres.write.1.tlog
C:\Users\Yuri\Documents\Visual Studio 2010\Projects\IndividualProject_Rep\Temp\YurisAdventure\Debug\mt.command.1.tlog
C:\Users\Yuri\Documents\Visual Studio 2010\Projects\IndividualProject_Rep\Temp\YurisAdventure\Debug\mt.read.1.tlog
C:\Users\Yuri\Documents\Visual Studio 2010\Projects\IndividualProject_Rep\Temp\YurisAdventure\Debug\mt.write.1.tlog
C:\Users\Yuri\Documents\Visual Studio 2010\Projects\IndividualProject_Rep\Temp\YurisAdventure\Debug\rc.command.1.tlog
C:\Users\Yuri\Documents\Visual Studio 2010\Projects\IndividualProject_Rep\Temp\YurisAdventure\Debug\rc.read.1.tlog
C:\Users\Yuri\Documents\Visual Studio 2010\Projects\IndividualProject_Rep\Temp\YurisAdventure\Debug\rc.write.1.tlog
C:\Users\Yuri\Documents\Visual Studio 2010\Projects\IndividualProject_Rep\Temp\YurisAdventure\Debug\vc100.idb
C:\Users\Yuri\Documents\Visual Studio 2010\Projects\IndividualProject_Rep\Temp\YurisAdventure\Debug\vc100.pdb
C:\Users\Yuri\Documents\Visual Studio 2010\Projects\IndividualProject_Rep\Temp\YurisAdventure\Debug\YAButtonEventHandler.obj
C:\Users\Yuri\Documents\Visual Studio 2010\Projects\IndividualProject_Rep\Temp\YurisAdventure\Debug\YADataLoader.obj
C:\Users\Yuri\Documents\Visual Studio 2010\Projects\IndividualProject_Rep\Temp\YurisAdventure\Debug\YAGame.obj
C:\Users\Yuri\Documents\Visual Studio 2010\Projects\IndividualProject_Rep\Temp\YurisAdventure\Debug\YAKeyEventHandler.obj
C:\Users\Yuri\Documents\Visual Studio 2010\Projects\IndividualProject_Rep\Temp\YurisAdventure\Debug\YATextGenerator.obj
C:\Users\Yuri\Documents\Visual Studio 2010\Projects\IndividualProject_Rep\Temp\YurisAdventure\Debug\YurisAdventure.exe.embed.manifest
C:\Users\Yuri\Documents\Visual Studio 2010\Projects\IndividualProject_Rep\Temp\YurisAdventure\Debug\YurisAdventure.exe.embed.manifest.res
C:\Users\Yuri\Documents\Visual Studio 2010\Projects\IndividualProject_Rep\Temp\YurisAdventure\Debug\YurisAdventure.exe.intermediate.manifest
C:\Users\Yuri\Documents\Visual Studio 2010\Projects\IndividualProject_Rep\Temp\YurisAdventure\Debug\YurisAdventure_manifest.rc
